
> ohmyprofessors_web@0.1.0 scrape
> tsx scripts/scrape-adelaide.ts

✅ [2026-02-10T21:03:27.848Z] ============================================================
✅ [2026-02-10T21:03:27.848Z] Adelaide University Scraper - Starting
✅ [2026-02-10T21:03:27.849Z] ============================================================
✅ [2026-02-10T21:03:27.849Z] Department: Computer Science
✅ [2026-02-10T21:03:27.849Z] Delay between pages: 2000ms
✅ [2026-02-10T21:03:27.849Z] Headless mode: true
✅ [2026-02-10T21:03:27.849Z] 
✅ [2026-02-10T21:03:27.849Z] Launching browser...
✅ [2026-02-10T21:03:28.207Z] Browser launched successfully
✅ [2026-02-10T21:03:28.250Z] Fetching professor list page...
✅ [2026-02-10T21:03:32.171Z] Parsing professor list...
✅ [2026-02-10T21:03:32.202Z] Found 39 professor profiles on page 1
✅ [2026-02-10T21:03:32.204Z] Total unique profiles to scrape: 39
✅ [2026-02-10T21:03:32.204Z] 
✅ [2026-02-10T21:03:32.204Z] Starting individual profile scraping...
✅ [2026-02-10T21:03:32.204Z] 
✅ [2026-02-10T21:03:32.204Z] [1/39] Processing...
✅ [2026-02-10T21:03:34.094Z] [1/39] ✓ A/Prof Claudia Szabo - Associate Prof/Reader
✅ [2026-02-10T21:03:36.096Z] [2/39] Processing...
✅ [2026-02-10T21:03:37.942Z] [2/39] ✓ Professor Debi Ashenden - Professor
✅ [2026-02-10T21:03:39.943Z] [3/39] Processing...
✅ [2026-02-10T21:03:41.940Z] [3/39] ✓ Dr Thushari Atapattu - Grant-Funded Researcher (A)
✅ [2026-02-10T21:03:43.942Z] [4/39] Processing...
✅ [2026-02-10T21:03:45.857Z] [4/39] ✓ Professor Ali Babar - Professor
✅ [2026-02-10T21:03:47.858Z] [5/39] Processing...
✅ [2026-02-10T21:03:50.004Z] [5/39] ✓ Ms Susie Barber - Project Manager
✅ [2026-02-10T21:03:52.006Z] [6/39] Processing...
✅ [2026-02-10T21:03:53.791Z] [6/39] ✓ Ms Sue Carter - Maths Project Officer
✅ [2026-02-10T21:03:55.791Z] [7/39] Processing...
✅ [2026-02-10T21:03:57.674Z] [7/39] ✓ Dr Tim Chen - Senior Lecturer
✅ [2026-02-10T21:03:59.676Z] [8/39] Processing...
✅ [2026-02-10T21:04:01.574Z] [8/39] ✓ Dr Weitong Chen - Senior Lecturer
✅ [2026-02-10T21:04:03.576Z] [9/39] Processing...
✅ [2026-02-10T21:04:05.390Z] [9/39] ✓ Professor Tat-Jun Chin - SmartSat CRC Professorial Chair
✅ [2026-02-10T21:04:07.392Z] [10/39] Processing...
✅ [2026-02-10T21:04:09.172Z] [10/39] ✓ Ms Celia Coffa - Maths Project Officer
✅ [2026-02-10T21:04:11.177Z] Saved 10 professors to /Users/mark/.openclaw/workspace/projects/ohmyprofessors/data/adelaide-professors-checkpoint-10.json
✅ [2026-02-10T21:04:11.177Z] 💾 Checkpoint saved: 10 professors
✅ [2026-02-10T21:04:11.177Z] [11/39] Processing...
✅ [2026-02-10T21:04:12.991Z] [11/39] ✓ Dr Anthony Dick - Associate Professor
✅ [2026-02-10T21:04:14.992Z] [12/39] Processing...
✅ [2026-02-10T21:04:16.773Z] [12/39] ✓ Mrs Lyn Dyer - Project Support Officer
✅ [2026-02-10T21:04:18.774Z] [13/39] Processing...
✅ [2026-02-10T21:04:21.340Z] [13/39] ✓ Associate Professor Nickolas Falkner - Associate Professor/Reader
✅ [2026-02-10T21:04:23.342Z] [14/39] Processing...
✅ [2026-02-10T21:04:25.189Z] [14/39] ✓ Ms Tijana Franco - CSER STEM Administration Officer
✅ [2026-02-10T21:04:27.190Z] [15/39] Processing...
✅ [2026-02-10T21:04:29.057Z] [15/39] ✓ Dr Mingyu Guo - Senior Lecturer
✅ [2026-02-10T21:04:31.058Z] [16/39] Processing...
✅ [2026-02-10T21:04:32.857Z] [16/39] ✓ Dr  Sherif Haggag - Director of Teaching Ops/ Course Advisor
✅ [2026-02-10T21:04:34.858Z] [17/39] Processing...
✅ [2026-02-10T21:04:36.658Z] [17/39] ✓ Dr Cruz Izu - Lecturer
✅ [2026-02-10T21:04:38.660Z] [18/39] Processing...
✅ [2026-02-10T21:04:40.489Z] [18/39] ✓ Professor Mark Jenkinson - Professor of Neuro-Imaging
✅ [2026-02-10T21:04:42.491Z] [19/39] Processing...
✅ [2026-02-10T21:04:44.324Z] [19/39] ✓ Dr Alfred Krzywicki - Lecturer
✅ [2026-02-10T21:04:46.327Z] [20/39] Processing...
✅ [2026-02-10T21:04:48.208Z] [20/39] ✓ Dr Triet Le - Lecturer
✅ [2026-02-10T21:04:50.211Z] Saved 20 professors to /Users/mark/.openclaw/workspace/projects/ohmyprofessors/data/adelaide-professors-checkpoint-20.json
✅ [2026-02-10T21:04:50.212Z] 💾 Checkpoint saved: 20 professors
✅ [2026-02-10T21:04:50.212Z] [21/39] Processing...
✅ [2026-02-10T21:04:52.037Z] [21/39] ✓ Associate Professor Lingqiao Liu - Senior Lecturer
✅ [2026-02-10T21:04:54.040Z] [22/39] Processing...
✅ [2026-02-10T21:04:55.808Z] [22/39] ✓ Lachlan Mares - Postdoctoral Research Fellow (B) (with PhD)
✅ [2026-02-10T21:04:57.808Z] [23/39] Processing...
✅ [2026-02-10T21:05:00.241Z] [23/39] ✓ Dr Aneta Neumann - Researcher
✅ [2026-02-10T21:05:02.243Z] [24/39] Processing...
✅ [2026-02-10T21:05:04.055Z] [24/39] ✓ Professor Frank Neumann - ARC Externally-Funded Research Fellow (E)
✅ [2026-02-10T21:05:06.057Z] [25/39] Processing...
✅ [2026-02-10T21:05:08.541Z] [25/39] ✓ Professor Hung Nguyen - Professor
✅ [2026-02-10T21:05:10.541Z] [26/39] Processing...
✅ [2026-02-10T21:05:12.375Z] [26/39] ✓ Dr Cheryl Pope - Senior Lecturer
✅ [2026-02-10T21:05:14.377Z] [27/39] Processing...
✅ [2026-02-10T21:05:16.157Z] [27/39] ✓ Associate Professor Damith Ranasinghe - Associate Prof/Reader
✅ [2026-02-10T21:05:18.159Z] [28/39] Processing...
✅ [2026-02-10T21:05:19.957Z] [28/39] ✓ Professor Ian Reid - Professor
✅ [2026-02-10T21:05:21.959Z] [29/39] Processing...
✅ [2026-02-10T21:05:24.824Z] [29/39] ✓ Dr Orvila  Sarker - Lecturer
✅ [2026-02-10T21:05:26.826Z] [30/39] Processing...
✅ [2026-02-10T21:05:28.672Z] [30/39] ✓ Professor Javen Qinfeng Shi - Professor
✅ [2026-02-10T21:05:30.675Z] Saved 30 professors to /Users/mark/.openclaw/workspace/projects/ohmyprofessors/data/adelaide-professors-checkpoint-30.json
✅ [2026-02-10T21:05:30.675Z] 💾 Checkpoint saved: 30 professors
✅ [2026-02-10T21:05:30.675Z] [31/39] Processing...
✅ [2026-02-10T21:05:32.456Z] [31/39] ✓ Dr Nguyen Tran - Research Associate (B)
✅ [2026-02-10T21:05:34.457Z] [32/39] Processing...
✅ [2026-02-10T21:05:36.289Z] [32/39] ✓ Dr Faheem Ullah - Lecturer / Assistant Professor
✅ [2026-02-10T21:05:38.291Z] [33/39] Processing...
✅ [2026-02-10T21:05:40.155Z] [33/39] ✓ Dr Rebecca Vivian - Grant-Funded Researcher (C)
✅ [2026-02-10T21:05:42.156Z] [34/39] Processing...
✅ [2026-02-10T21:05:43.956Z] [34/39] ✓ Associate Professor Qi Wu - Associate Prof/Reader
✅ [2026-02-10T21:05:45.958Z] [35/39] Processing...
✅ [2026-02-10T21:05:47.758Z] [35/39] ✓ Dr Wei Zhang - Senior Lecturer
✅ [2026-02-10T21:05:49.760Z] [36/39] Processing...
✅ [2026-02-10T21:05:51.674Z] [36/39] ✓ Dr Abdullahi Chowdhury - Postdoctoral Research Fellow (B) (with PhD)
✅ [2026-02-10T21:05:53.676Z] [37/39] Processing...
✅ [2026-02-10T21:05:55.456Z] [37/39] ✓ Dr Yasir Latif - Grant-Funded Researcher (C)
✅ [2026-02-10T21:05:57.458Z] [38/39] Processing...
✅ [2026-02-10T21:05:59.241Z] [38/39] ✓ Dr Kamal Mammadov - Postdoctoral Research Fellow
✅ [2026-02-10T21:06:01.242Z] [39/39] Processing...
✅ [2026-02-10T21:06:03.074Z] [39/39] ✓ Dr Menasha Thilakaratne - Lecturer
✅ [2026-02-10T21:06:03.074Z] 
✅ [2026-02-10T21:06:03.074Z] Saving data...
✅ [2026-02-10T21:06:03.075Z] Saved 39 professors to /Users/mark/.openclaw/workspace/projects/ohmyprofessors/data/adelaide-professors.json
✅ [2026-02-10T21:06:03.075Z] 
✅ [2026-02-10T21:06:03.075Z] ============================================================
✅ [2026-02-10T21:06:03.075Z] SCRAPING COMPLETE
✅ [2026-02-10T21:06:03.075Z] ============================================================
✅ [2026-02-10T21:06:03.075Z] Total profiles: 39
✅ [2026-02-10T21:06:03.075Z] Successful: 39
✅ [2026-02-10T21:06:03.075Z] Failed: 0
✅ [2026-02-10T21:06:03.075Z] Success rate: 100.0%
✅ [2026-02-10T21:06:03.075Z] Duration: 155.2s
✅ [2026-02-10T21:06:03.075Z] Output: data/adelaide-professors.json
✅ [2026-02-10T21:06:03.075Z] ============================================================
✅ [2026-02-10T21:06:03.112Z] Browser closed
✅ [2026-02-10T21:06:03.112Z] Script completed successfully
